<?xml version="1.0" encoding="UTF-8"?>
<testng-results ignored="0" total="1" passed="1" failed="0" skipped="0">
  <reporter-output>
  </reporter-output>
  <suite started-at="2026-03-03T02:18:43 IST" name="Suite" finished-at="2026-03-03T02:18:54 IST" duration-ms="11215">
    <groups>
    </groups>
    <test started-at="2026-03-03T02:18:43 IST" name="Test" finished-at="2026-03-03T02:18:54 IST" duration-ms="11215">
      <class name="tests.LoginTest">
        <test-method is-config="true" signature="Setup()[pri:0, instance:tests.LoginTest@7e990ed7]" started-at="2026-03-03T02:18:43 IST" name="Setup" finished-at="2026-03-03T02:18:52 IST" duration-ms="9049" status="PASS">
          <reporter-output>
          </reporter-output>
        </test-method> <!-- Setup -->
        <test-method signature="verifyloginpage()[pri:0, instance:tests.LoginTest@7e990ed7]" started-at="2026-03-03T02:18:52 IST" name="verifyloginpage" finished-at="2026-03-03T02:18:54 IST" duration-ms="1806" status="PASS">
          <reporter-output>
          </reporter-output>
        </test-method> <!-- verifyloginpage -->
        <test-method is-config="true" signature="teardown()[pri:0, instance:tests.LoginTest@7e990ed7]" started-at="2026-03-03T02:18:54 IST" name="teardown" finished-at="2026-03-03T02:18:54 IST" duration-ms="309" status="PASS">
          <reporter-output>
          </reporter-output>
        </test-method> <!-- teardown -->
      </class> <!-- tests.LoginTest -->
    </test> <!-- Test -->
  </suite> <!-- Suite -->
</testng-results>
