<?xml version="1.0" encoding="UTF-8"?>
<testng-results ignored="0" total="1" passed="1" failed="0" skipped="0">
  <reporter-output>
  </reporter-output>
  <suite started-at="2026-02-25T00:34:07 IST" name="Suite" finished-at="2026-02-25T00:34:15 IST" duration-ms="8396">
    <groups>
    </groups>
    <test started-at="2026-02-25T00:34:07 IST" name="Test" finished-at="2026-02-25T00:34:15 IST" duration-ms="8396">
      <class name="tests.LoginTest">
        <test-method is-config="true" signature="Setup()[pri:0, instance:tests.LoginTest@5c33f1a9]" started-at="2026-02-25T00:34:07 IST" name="Setup" finished-at="2026-02-25T00:34:13 IST" duration-ms="6454" status="PASS">
          <reporter-output>
          </reporter-output>
        </test-method> <!-- Setup -->
        <test-method signature="verifyloginpage()[pri:0, instance:tests.LoginTest@5c33f1a9]" started-at="2026-02-25T00:34:13 IST" name="verifyloginpage" finished-at="2026-02-25T00:34:15 IST" duration-ms="1661" status="PASS">
          <reporter-output>
          </reporter-output>
        </test-method> <!-- verifyloginpage -->
        <test-method is-config="true" signature="teardown()[pri:0, instance:tests.LoginTest@5c33f1a9]" started-at="2026-02-25T00:34:15 IST" name="teardown" finished-at="2026-02-25T00:34:15 IST" duration-ms="253" status="PASS">
          <reporter-output>
          </reporter-output>
        </test-method> <!-- teardown -->
      </class> <!-- tests.LoginTest -->
    </test> <!-- Test -->
  </suite> <!-- Suite -->
</testng-results>
